	Command being timed: "./cellranger-6.0.1/cellranger count --libraries BMGP_2020/references/10xFB/5k_pbmc_protein_v3_libraries.csv --feature-ref BMGP_2020/references/10xFB/5k_pbmc_protein_v3_feature_ref.csv --id count --nosecondary --disable-ui --expect-cells 5000 --transcriptome refdata-gex-GRCh38-2020-A"
	User time (seconds): 2560.85
	System time (seconds): 180.23
	Percent of CPU this job got: 340%
	Elapsed (wall clock) time (h:mm:ss or m:ss): 13:24.66
	Average shared text size (kbytes): 0
	Average unshared data size (kbytes): 0
	Average stack size (kbytes): 0
	Average total size (kbytes): 0
	Maximum resident set size (kbytes): 14502036
	Average resident set size (kbytes): 0
	Major (requiring I/O) page faults: 414
	Minor (reclaiming a frame) page faults: 23441227
	Voluntary context switches: 24193297
	Involuntary context switches: 6263
	Swaps: 0
	File system inputs: 143720
	File system outputs: 32334896
	Socket messages sent: 0
	Socket messages received: 0
	Signals delivered: 0
	Page size (bytes): 4096
	Exit status: 0
