	Command being timed: "kb count --overwrite --h5ad --filter bustools -i BMGP_2020/references/10xCRISPR/kite/fbcs_only/features.idx -g BMGP_2020/references/10xCRISPR/kite/fbcs_only/f2b.txt --workflow kite:10xFB -x 10xv3 -o kite_2 fastqs_2/SC3_v3_NextGem_DI_CRISPR_A549_5K_crispr_S4_L001_R1_001.fastq.gz fastqs_2/SC3_v3_NextGem_DI_CRISPR_A549_5K_crispr_S4_L001_R2_001.fastq.gz fastqs_2/SC3_v3_NextGem_DI_CRISPR_A549_5K_crispr_S4_L002_R1_001.fastq.gz fastqs_2/SC3_v3_NextGem_DI_CRISPR_A549_5K_crispr_S4_L002_R2_001.fastq.gz fastqs_2/SC3_v3_NextGem_DI_CRISPR_A549_5K_crispr_S4_L003_R1_001.fastq.gz fastqs_2/SC3_v3_NextGem_DI_CRISPR_A549_5K_crispr_S4_L003_R2_001.fastq.gz fastqs_2/SC3_v3_NextGem_DI_CRISPR_A549_5K_crispr_S4_L004_R1_001.fastq.gz fastqs_2/SC3_v3_NextGem_DI_CRISPR_A549_5K_crispr_S4_L004_R2_001.fastq.gz"
	User time (seconds): 330.78
	System time (seconds): 35.06
	Percent of CPU this job got: 148%
	Elapsed (wall clock) time (h:mm:ss or m:ss): 4:05.62
	Average shared text size (kbytes): 0
	Average unshared data size (kbytes): 0
	Average stack size (kbytes): 0
	Average total size (kbytes): 0
	Maximum resident set size (kbytes): 4196132
	Average resident set size (kbytes): 0
	Major (requiring I/O) page faults: 0
	Minor (reclaiming a frame) page faults: 6680729
	Voluntary context switches: 1391
	Involuntary context switches: 144984
	Swaps: 0
	File system inputs: 8363984
	File system outputs: 11345192
	Socket messages sent: 0
	Socket messages received: 0
	Signals delivered: 0
	Page size (bytes): 4096
	Exit status: 0
