	Command being timed: "kb count -i BMGP_2020/references/clicktag/kite/features.idx -g BMGP_2020/references/clicktag/kite/f2b.txt -x 10xv2 -o kite_out --workflow kite --h5ad --filter bustools --overwrite fastqs/NSC_Fixed_S2_L001_R1_001.fastq.gz fastqs/NSC_Fixed_S2_L001_R2_001.fastq.gz"
	User time (seconds): 155.63
	System time (seconds): 19.61
	Percent of CPU this job got: 230%
	Elapsed (wall clock) time (h:mm:ss or m:ss): 1:16.00
	Average shared text size (kbytes): 0
	Average unshared data size (kbytes): 0
	Average stack size (kbytes): 0
	Average total size (kbytes): 0
	Maximum resident set size (kbytes): 4196132
	Average resident set size (kbytes): 0
	Major (requiring I/O) page faults: 0
	Minor (reclaiming a frame) page faults: 4004101
	Voluntary context switches: 768
	Involuntary context switches: 138686
	Swaps: 0
	File system inputs: 3078776
	File system outputs: 8003288
	Socket messages sent: 0
	Socket messages received: 0
	Signals delivered: 0
	Page size (bytes): 4096
	Exit status: 0
