	Command being timed: "kb count -i BMGP_2020/references/multiseq/kite/features.idx -g BMGP_2020/references/multiseq/kite/f2b.txt -x 10xv2 -o kite_out_0 --workflow kite --h5ad --filter bustools --overwrite fastqs_0/SRR8890644_R1.fastq.gz fastqs_0/SRR8890644_R2.fastq.gz"
	User time (seconds): 268.34
	System time (seconds): 48.48
	Percent of CPU this job got: 139%
	Elapsed (wall clock) time (h:mm:ss or m:ss): 3:47.01
	Average shared text size (kbytes): 0
	Average unshared data size (kbytes): 0
	Average stack size (kbytes): 0
	Average total size (kbytes): 0
	Maximum resident set size (kbytes): 4196132
	Average resident set size (kbytes): 0
	Major (requiring I/O) page faults: 0
	Minor (reclaiming a frame) page faults: 4637886
	Voluntary context switches: 2067
	Involuntary context switches: 59236
	Swaps: 0
	File system inputs: 0
	File system outputs: 42275232
	Socket messages sent: 0
	Socket messages received: 0
	Signals delivered: 0
	Page size (bytes): 4096
	Exit status: 0
