        Command being timed: "CITE-seq-Count -R1 fastqs_0/SRR8890644_R1.fastq.gz -R2 fastqs_0/SRR8890644_R2.fastq.gz --no_umi_correction -t BMGP_2020/references/multiseq/cite_seq_barcodes.csv -wl BMGP_2020/references/whitelist_10xv2.txt -cbf 1 -cbl 16 -umif 17 -umil 26 -cells 65000 --max-errors 1 -o ./citeseqout_0"
        User time (seconds): 12945.10
        System time (seconds): 233.76
        Percent of CPU this job got: 372%
        Elapsed (wall clock) time (h:mm:ss or m:ss): 58:57.02
        Average shared text size (kbytes): 0
        Average unshared data size (kbytes): 0
        Average stack size (kbytes): 0
        Average total size (kbytes): 0
        Maximum resident set size (kbytes): 19372888
        Average resident set size (kbytes): 0
        Major (requiring I/O) page faults: 0
        Minor (reclaiming a frame) page faults: 73925145
        Voluntary context switches: 761647
        Involuntary context switches: 486921
        Swaps: 0
        File system inputs: 24
        File system outputs: 130440
        Socket messages sent: 0
        Socket messages received: 0
        Signals delivered: 0
        Page size (bytes): 4096
        Exit status: 0
