	Command being timed: "CITE-seq-Count -R1 fastqs/SRR8281307_R1.fastq.gz -R2 fastqs/SRR8281307_R2.fastq.gz --no_umi_correction -t BMGP_2020/references/cellhash/cite_seq_barcodes.csv -wl BMGP_2020/references/whitelist_10xv2.txt -cbf 1 -cbl 16 -umif 17 -umil 26 -cells 65000 -o ./cite_seq_out"
	User time (seconds): 16007.73
	System time (seconds): 331.75
	Percent of CPU this job got: 315%
	Elapsed (wall clock) time (h:mm:ss or m:ss): 1:26:15
	Average shared text size (kbytes): 0
	Average unshared data size (kbytes): 0
	Average stack size (kbytes): 0
	Average total size (kbytes): 0
	Maximum resident set size (kbytes): 15350040
	Average resident set size (kbytes): 0
	Major (requiring I/O) page faults: 0
	Minor (reclaiming a frame) page faults: 71572749
	Voluntary context switches: 800523
	Involuntary context switches: 75904
	Swaps: 0
	File system inputs: 24776
	File system outputs: 68712
	Socket messages sent: 0
	Socket messages received: 0
	Signals delivered: 0
	Page size (bytes): 4096
	Exit status: 0
