	Command being timed: "kb count -i BMGP_2020/references/cellhash/kite/features.idx -g BMGP_2020/references/cellhash/kite/f2b.txt -x 10xv2 -o kite_out --workflow kite --h5ad --filter bustools --overwrite fastqs/SRR8281307_R1.fastq.gz fastqs/SRR8281307_R2.fastq.gz"
	User time (seconds): 585.84
	System time (seconds): 28.37
	Percent of CPU this job got: 287%
	Elapsed (wall clock) time (h:mm:ss or m:ss): 3:33.63
	Average shared text size (kbytes): 0
	Average unshared data size (kbytes): 0
	Average stack size (kbytes): 0
	Average total size (kbytes): 0
	Maximum resident set size (kbytes): 4196132
	Average resident set size (kbytes): 0
	Major (requiring I/O) page faults: 0
	Minor (reclaiming a frame) page faults: 4538820
	Voluntary context switches: 1907
	Involuntary context switches: 119541
	Swaps: 0
	File system inputs: 13216160
	File system outputs: 13474296
	Socket messages sent: 0
	Socket messages received: 0
	Signals delivered: 0
	Page size (bytes): 4096
	Exit status: 0
